18-08-2021 16:30:18.504 [restartedMain] INFO  c.i.s.web.ProductApplication.logStarting - Starting ProductApplication on N1105 with PID 2260 (D:\RBX\Workspace\OUTOF_BOX\Spring-Boot\product-manager\target\classes started by masud.ikbal in D:\RBX\Workspace\OUTOF_BOX\Spring-Boot\product-manager)
18-08-2021 16:30:18.505 [restartedMain] DEBUG c.i.s.web.ProductApplication.logStarting - Running with Spring Boot v2.1.3.RELEASE, Spring v5.1.5.RELEASE
18-08-2021 16:30:18.505 [restartedMain] INFO  c.i.s.web.ProductApplication.logStartupProfileInfo - The following profiles are active: dev
18-08-2021 16:30:18.895 [restartedMain] INFO  o.s.d.r.c.RepositoryConfigurationDelegate.registerRepositoriesIn - Bootstrapping Spring Data repositories in DEFAULT mode.
18-08-2021 16:30:18.905 [restartedMain] INFO  o.s.d.r.c.RepositoryConfigurationDelegate.registerRepositoriesIn - Finished Spring Data repository scanning in 6ms. Found 1 repository interfaces.
18-08-2021 16:30:18.960 [restartedMain] INFO  o.s.c.s.PostProcessorRegistrationDelegate$BeanPostProcessorChecker.postProcessAfterInitialization - Bean 'org.springframework.transaction.annotation.ProxyTransactionManagementConfiguration' of type [org.springframework.transaction.annotation.ProxyTransactionManagementConfiguration$$EnhancerBySpringCGLIB$$148a7f2f] is not eligible for getting processed by all BeanPostProcessors (for example: not eligible for auto-proxying)
18-08-2021 16:30:18.962 [restartedMain] INFO  o.s.c.s.PostProcessorRegistrationDelegate$BeanPostProcessorChecker.postProcessAfterInitialization - Bean 'org.springframework.hateoas.config.HateoasConfiguration' of type [org.springframework.hateoas.config.HateoasConfiguration$$EnhancerBySpringCGLIB$$940acc61] is not eligible for getting processed by all BeanPostProcessors (for example: not eligible for auto-proxying)
18-08-2021 16:30:19.080 [restartedMain] INFO  o.s.b.w.e.tomcat.TomcatWebServer.initialize - Tomcat initialized with port(s): 8080 (http)
18-08-2021 16:30:19.083 [restartedMain] INFO  o.a.catalina.core.StandardService.log - Starting service [Tomcat]
18-08-2021 16:30:19.083 [restartedMain] INFO  o.a.catalina.core.StandardEngine.log - Starting Servlet engine: [Apache Tomcat/9.0.16]
18-08-2021 16:30:19.098 [restartedMain] INFO  o.a.c.c.C.[Tomcat].[localhost].[/].log - Initializing Spring embedded WebApplicationContext
18-08-2021 16:30:19.098 [restartedMain] INFO  o.s.web.context.ContextLoader.prepareWebApplicationContext - Root WebApplicationContext: initialization completed in 591 ms
18-08-2021 16:30:19.312 [restartedMain] INFO  com.zaxxer.hikari.HikariDataSource.getConnection - HikariPool-2 - Starting...
18-08-2021 16:30:19.326 [restartedMain] INFO  com.zaxxer.hikari.HikariDataSource.getConnection - HikariPool-2 - Start completed.
18-08-2021 16:30:19.337 [restartedMain] INFO  o.h.jpa.internal.util.LogHelper.logPersistenceUnitInformation - HHH000204: Processing PersistenceUnitInfo [
	name: default
	...]
18-08-2021 16:30:19.347 [restartedMain] INFO  org.hibernate.dialect.Dialect.<init> - HHH000400: Using dialect: org.hibernate.dialect.MySQL5InnoDBDialect
18-08-2021 16:30:19.379 [restartedMain] INFO  o.s.o.j.LocalContainerEntityManagerFactoryBean.buildNativeEntityManagerFactory - Initialized JPA EntityManagerFactory for persistence unit 'default'
18-08-2021 16:30:19.390 [restartedMain] INFO  o.s.b.d.a.OptionalLiveReloadServer.startServer - LiveReload server is running on port 35729
18-08-2021 16:30:19.594 [restartedMain] INFO  o.s.s.c.ThreadPoolTaskExecutor.initialize - Initializing ExecutorService 'applicationTaskExecutor'
18-08-2021 16:30:19.601 [restartedMain] WARN  o.s.b.a.o.j.JpaBaseConfiguration$JpaWebConfiguration$JpaWebMvcConfiguration.openEntityManagerInViewInterceptor - spring.jpa.open-in-view is enabled by default. Therefore, database queries may be performed during view rendering. Explicitly configure spring.jpa.open-in-view to disable this warning
18-08-2021 16:30:19.640 [restartedMain] INFO  o.s.b.a.w.s.WelcomePageHandlerMapping.<init> - Adding welcome page template: index
18-08-2021 16:30:19.749 [restartedMain] INFO  o.s.b.a.e.web.EndpointLinksResolver.<init> - Exposing 2 endpoint(s) beneath base path '/actuator'
18-08-2021 16:30:19.780 [restartedMain] INFO  o.s.b.w.e.tomcat.TomcatWebServer.start - Tomcat started on port(s): 8080 (http) with context path ''
18-08-2021 16:30:19.781 [restartedMain] INFO  c.i.s.web.ProductApplication.logStarted - Started ProductApplication in 1.366 seconds (JVM running for 57.899)
18-08-2021 16:30:19.785 [restartedMain] INFO  o.s.b.d.a.ConditionEvaluationDeltaLoggingListener.onApplicationEvent - Condition evaluation unchanged
